{
  message: 'Database connection successful',
  level: 'info',
  label: 'P.H.U',
  timestamp: '2024-02-04T04:42:24.571Z'
}
{
  message: 'Example app listening on port 5000',
  level: 'info',
  label: 'P.H.U',
  timestamp: '2024-02-04T04:42:24.576Z'
}
{
  message: 'Database connection successful',
  level: 'info',
  label: 'P.H.U',
  timestamp: '2024-02-04T04:45:50.776Z'
}
{
  message: 'Example app listening on port 5000',
  level: 'info',
  label: 'P.H.U',
  timestamp: '2024-02-04T04:45:50.781Z'
}
{
  message: 'Database connection successful',
  level: 'info',
  label: 'P.H.U',
  timestamp: '2024-02-04T04:47:06.934Z'
}
{
  message: 'Example app listening on port 5000',
  level: 'info',
  label: 'P.H.U',
  timestamp: '2024-02-04T04:47:06.939Z'
}
{
  message: 'Database connection successful',
  level: 'info',
  label: 'P.H.U',
  timestamp: '2024-02-04T04:47:37.038Z'
}
{
  message: 'Example app listening on port 5000',
  level: 'info',
  label: 'P.H.U',
  timestamp: '2024-02-04T04:47:37.043Z'
}
{
  message: 'Database connection successful',
  level: 'info',
  label: 'P.H.U',
  timestamp: '2024-02-04T04:55:05.362Z'
}
{
  message: 'Example app listening on port 5000',
  level: 'info',
  label: 'P.H.U',
  timestamp: '2024-02-04T04:55:05.367Z'
}
