{
  message: 'Database connection successful',
  level: 'info',
  label: 'P.H.U',
  timestamp: '2024-02-04T05:08:18.792Z'
}
{
  message: 'Example app listening on port 5000',
  level: 'info',
  label: 'P.H.U',
  timestamp: '2024-02-04T05:08:18.797Z'
}
{
  message: 'Database connection successful',
  level: 'info',
  label: 'P.H.U',
  timestamp: '2024-02-04T05:09:28.506Z'
}
{
  message: 'Example app listening on port 5000',
  level: 'info',
  label: 'P.H.U',
  timestamp: '2024-02-04T05:09:28.511Z'
}
{
  message: 'Database connection successful',
  level: 'info',
  label: 'P.H.U',
  timestamp: '2024-02-04T05:13:55.394Z'
}
{
  message: 'Example app listening on port 5000',
  level: 'info',
  label: 'P.H.U',
  timestamp: '2024-02-04T05:13:55.399Z'
}
{
  message: 'Database connection successful',
  level: 'info',
  label: 'P.H.U',
  timestamp: '2024-02-04T05:21:46.025Z'
}
{
  message: 'Example app listening on port 5000',
  level: 'info',
  label: 'P.H.U',
  timestamp: '2024-02-04T05:21:46.030Z'
}
{
  message: 'Database connection successful',
  level: 'info',
  label: 'P.H.U',
  timestamp: '2024-02-04T05:24:05.779Z'
}
{
  message: 'Example app listening on port 5000',
  level: 'info',
  label: 'P.H.U',
  timestamp: '2024-02-04T05:24:05.785Z'
}
{
  message: 'Database connection successful',
  level: 'info',
  label: 'P.H.U',
  timestamp: '2024-02-04T05:27:06.156Z'
}
{
  message: 'Example app listening on port 5000',
  level: 'info',
  label: 'P.H.U',
  timestamp: '2024-02-04T05:27:06.161Z'
}
{
  message: 'Database connection successful',
  level: 'info',
  label: 'P.H.U',
  timestamp: '2024-02-04T05:28:10.473Z'
}
{
  message: 'Example app listening on port 5000',
  level: 'info',
  label: 'P.H.U',
  timestamp: '2024-02-04T05:28:10.478Z'
}
{
  message: 'Database connection successful',
  level: 'info',
  label: 'P.H.U',
  timestamp: '2024-02-04T05:28:32.662Z'
}
{
  message: 'Example app listening on port 5000',
  level: 'info',
  label: 'P.H.U',
  timestamp: '2024-02-04T05:28:32.667Z'
}
